2025/04/24 05:58:50 [notice] 1#1: using the "epoll" event method
2025/04/24 05:58:50 [notice] 1#1: nginx/1.24.0
2025/04/24 05:58:50 [notice] 1#1: built by gcc 12.2.1 20220924 (Alpine 12.2.1_git20220924-r4) 
2025/04/24 05:58:50 [notice] 1#1: OS: Linux 6.11.0-1013-oem
2025/04/24 05:58:50 [notice] 1#1: getrlimit(RLIMIT_NOFILE): 1048576:1048576
2025/04/24 05:58:50 [notice] 1#1: start worker processes
2025/04/24 05:58:50 [notice] 1#1: start worker process 21
2025/04/24 05:58:50 [notice] 1#1: start worker process 22
2025/04/24 05:58:50 [notice] 1#1: start worker process 23
2025/04/24 05:58:50 [notice] 1#1: start worker process 24
2025/04/24 05:58:50 [notice] 1#1: start worker process 25
2025/04/24 05:58:50 [notice] 1#1: start worker process 26
2025/04/24 05:58:50 [notice] 1#1: start worker process 27
2025/04/24 05:58:50 [notice] 1#1: start worker process 28
2025/04/24 05:59:40 [notice] 1#1: signal 3 (SIGQUIT) received, shutting down
2025/04/24 05:59:40 [notice] 22#22: gracefully shutting down
2025/04/24 05:59:40 [notice] 24#24: gracefully shutting down
2025/04/24 05:59:40 [notice] 21#21: gracefully shutting down
2025/04/24 05:59:40 [notice] 23#23: gracefully shutting down
2025/04/24 05:59:40 [notice] 22#22: exiting
2025/04/24 05:59:40 [notice] 24#24: exiting
2025/04/24 05:59:40 [notice] 23#23: exiting
2025/04/24 05:59:40 [notice] 21#21: exiting
2025/04/24 05:59:40 [notice] 22#22: exit
2025/04/24 05:59:40 [notice] 23#23: exit
2025/04/24 05:59:40 [notice] 21#21: exit
2025/04/24 05:59:40 [notice] 24#24: exit
2025/04/24 05:59:40 [notice] 25#25: gracefully shutting down
2025/04/24 05:59:40 [notice] 25#25: exiting
2025/04/24 05:59:40 [notice] 26#26: gracefully shutting down
2025/04/24 05:59:40 [notice] 25#25: exit
2025/04/24 05:59:40 [notice] 27#27: gracefully shutting down
2025/04/24 05:59:40 [notice] 28#28: gracefully shutting down
2025/04/24 05:59:40 [notice] 26#26: exiting
2025/04/24 05:59:40 [notice] 27#27: exiting
2025/04/24 05:59:40 [notice] 28#28: exiting
2025/04/24 05:59:40 [notice] 27#27: exit
2025/04/24 05:59:40 [notice] 26#26: exit
2025/04/24 05:59:40 [notice] 28#28: exit
2025/04/24 05:59:40 [notice] 1#1: signal 17 (SIGCHLD) received from 22
2025/04/24 05:59:40 [notice] 1#1: worker process 22 exited with code 0
2025/04/24 05:59:40 [notice] 1#1: worker process 24 exited with code 0
2025/04/24 05:59:40 [notice] 1#1: worker process 27 exited with code 0
2025/04/24 05:59:40 [notice] 1#1: signal 29 (SIGIO) received
2025/04/24 05:59:40 [notice] 1#1: signal 17 (SIGCHLD) received from 27
2025/04/24 05:59:40 [notice] 1#1: signal 17 (SIGCHLD) received from 21
2025/04/24 05:59:40 [notice] 1#1: worker process 21 exited with code 0
2025/04/24 05:59:40 [notice] 1#1: signal 29 (SIGIO) received
2025/04/24 05:59:40 [notice] 1#1: signal 17 (SIGCHLD) received from 23
2025/04/24 05:59:40 [notice] 1#1: worker process 23 exited with code 0
2025/04/24 05:59:40 [notice] 1#1: signal 29 (SIGIO) received
2025/04/24 05:59:40 [notice] 1#1: signal 17 (SIGCHLD) received from 28
2025/04/24 05:59:40 [notice] 1#1: worker process 28 exited with code 0
2025/04/24 05:59:40 [notice] 1#1: signal 29 (SIGIO) received
2025/04/24 05:59:40 [notice] 1#1: signal 17 (SIGCHLD) received from 25
2025/04/24 05:59:40 [notice] 1#1: worker process 25 exited with code 0
2025/04/24 05:59:40 [notice] 1#1: worker process 26 exited with code 0
2025/04/24 05:59:40 [notice] 1#1: exit
2025/04/24 05:59:48 [notice] 1#1: using the "epoll" event method
2025/04/24 05:59:48 [notice] 1#1: nginx/1.24.0
2025/04/24 05:59:48 [notice] 1#1: built by gcc 12.2.1 20220924 (Alpine 12.2.1_git20220924-r4) 
2025/04/24 05:59:48 [notice] 1#1: OS: Linux 6.11.0-1013-oem
2025/04/24 05:59:48 [notice] 1#1: getrlimit(RLIMIT_NOFILE): 1048576:1048576
2025/04/24 05:59:48 [notice] 1#1: start worker processes
2025/04/24 05:59:48 [notice] 1#1: start worker process 21
2025/04/24 05:59:48 [notice] 1#1: start worker process 22
2025/04/24 05:59:48 [notice] 1#1: start worker process 23
2025/04/24 05:59:48 [notice] 1#1: start worker process 24
2025/04/24 05:59:48 [notice] 1#1: start worker process 25
2025/04/24 05:59:48 [notice] 1#1: start worker process 26
2025/04/24 05:59:48 [notice] 1#1: start worker process 27
2025/04/24 05:59:48 [notice] 1#1: start worker process 28
2025/04/24 06:24:18 [notice] 1#1: signal 3 (SIGQUIT) received, shutting down
2025/04/24 06:24:18 [notice] 23#23: gracefully shutting down
2025/04/24 06:24:18 [notice] 23#23: exiting
2025/04/24 06:24:18 [notice] 23#23: exit
2025/04/24 06:24:18 [notice] 21#21: gracefully shutting down
2025/04/24 06:24:18 [notice] 21#21: exiting
2025/04/24 06:24:18 [notice] 21#21: exit
2025/04/24 06:24:18 [notice] 22#22: gracefully shutting down
2025/04/24 06:24:18 [notice] 22#22: exiting
2025/04/24 06:24:18 [notice] 22#22: exit
2025/04/24 06:24:18 [notice] 26#26: gracefully shutting down
2025/04/24 06:24:18 [notice] 25#25: gracefully shutting down
2025/04/24 06:24:18 [notice] 26#26: exiting
2025/04/24 06:24:18 [notice] 25#25: exiting
2025/04/24 06:24:18 [notice] 26#26: exit
2025/04/24 06:24:18 [notice] 25#25: exit
2025/04/24 06:24:18 [notice] 24#24: gracefully shutting down
2025/04/24 06:24:18 [notice] 24#24: exiting
2025/04/24 06:24:18 [notice] 24#24: exit
2025/04/24 06:24:18 [notice] 27#27: gracefully shutting down
2025/04/24 06:24:18 [notice] 27#27: exiting
2025/04/24 06:24:18 [notice] 27#27: exit
2025/04/24 06:24:18 [notice] 28#28: gracefully shutting down
2025/04/24 06:24:18 [notice] 28#28: exiting
2025/04/24 06:24:18 [notice] 28#28: exit
2025/04/24 06:24:18 [notice] 1#1: signal 17 (SIGCHLD) received from 23
2025/04/24 06:24:18 [notice] 1#1: worker process 23 exited with code 0
2025/04/24 06:24:18 [notice] 1#1: signal 29 (SIGIO) received
2025/04/24 06:24:18 [notice] 1#1: signal 17 (SIGCHLD) received from 21
2025/04/24 06:24:18 [notice] 1#1: worker process 21 exited with code 0
2025/04/24 06:24:18 [notice] 1#1: worker process 26 exited with code 0
2025/04/24 06:24:18 [notice] 1#1: signal 29 (SIGIO) received
2025/04/24 06:24:18 [notice] 1#1: signal 17 (SIGCHLD) received from 25
2025/04/24 06:24:18 [notice] 1#1: worker process 24 exited with code 0
2025/04/24 06:24:18 [notice] 1#1: worker process 25 exited with code 0
2025/04/24 06:24:18 [notice] 1#1: signal 29 (SIGIO) received
2025/04/24 06:24:18 [notice] 1#1: signal 17 (SIGCHLD) received from 27
2025/04/24 06:24:18 [notice] 1#1: worker process 22 exited with code 0
2025/04/24 06:24:18 [notice] 1#1: worker process 27 exited with code 0
2025/04/24 06:24:18 [notice] 1#1: signal 29 (SIGIO) received
2025/04/24 06:24:18 [notice] 1#1: signal 17 (SIGCHLD) received from 28
2025/04/24 06:24:18 [notice] 1#1: worker process 28 exited with code 0
2025/04/24 06:24:18 [notice] 1#1: exit
2025/04/24 06:24:33 [notice] 1#1: using the "epoll" event method
2025/04/24 06:24:33 [notice] 1#1: nginx/1.24.0
2025/04/24 06:24:33 [notice] 1#1: built by gcc 12.2.1 20220924 (Alpine 12.2.1_git20220924-r4) 
2025/04/24 06:24:33 [notice] 1#1: OS: Linux 6.11.0-1013-oem
2025/04/24 06:24:33 [notice] 1#1: getrlimit(RLIMIT_NOFILE): 1048576:1048576
2025/04/24 06:24:33 [notice] 1#1: start worker processes
2025/04/24 06:24:33 [notice] 1#1: start worker process 21
2025/04/24 06:24:33 [notice] 1#1: start worker process 22
2025/04/24 06:24:33 [notice] 1#1: start worker process 23
2025/04/24 06:24:33 [notice] 1#1: start worker process 24
2025/04/24 06:24:33 [notice] 1#1: start worker process 25
2025/04/24 06:24:33 [notice] 1#1: start worker process 26
2025/04/24 06:24:33 [notice] 1#1: start worker process 27
2025/04/24 06:24:33 [notice] 1#1: start worker process 28
2025/04/24 08:24:48 [notice] 1#1: using the "epoll" event method
2025/04/24 08:24:48 [notice] 1#1: nginx/1.24.0
2025/04/24 08:24:48 [notice] 1#1: built by gcc 12.2.1 20220924 (Alpine 12.2.1_git20220924-r4) 
2025/04/24 08:24:48 [notice] 1#1: OS: Linux 6.11.0-1013-oem
2025/04/24 08:24:48 [notice] 1#1: getrlimit(RLIMIT_NOFILE): 1048576:1048576
2025/04/24 08:24:48 [notice] 1#1: start worker processes
2025/04/24 08:24:48 [notice] 1#1: start worker process 21
2025/04/24 08:24:48 [notice] 1#1: start worker process 22
2025/04/24 08:24:48 [notice] 1#1: start worker process 23
2025/04/24 08:24:48 [notice] 1#1: start worker process 24
2025/04/24 08:24:48 [notice] 1#1: start worker process 25
2025/04/24 08:24:48 [notice] 1#1: start worker process 26
2025/04/24 08:24:48 [notice] 1#1: start worker process 27
2025/04/24 08:24:48 [notice] 1#1: start worker process 28
2025/04/24 10:13:29 [notice] 1#1: using the "epoll" event method
2025/04/24 10:13:29 [notice] 1#1: nginx/1.24.0
2025/04/24 10:13:29 [notice] 1#1: built by gcc 12.2.1 20220924 (Alpine 12.2.1_git20220924-r4) 
2025/04/24 10:13:29 [notice] 1#1: OS: Linux 6.11.0-24-generic
2025/04/24 10:13:29 [notice] 1#1: getrlimit(RLIMIT_NOFILE): 1048576:1048576
2025/04/24 10:13:29 [notice] 1#1: start worker processes
2025/04/24 10:13:29 [notice] 1#1: start worker process 21
2025/04/24 10:15:54 [notice] 1#1: using the "epoll" event method
2025/04/24 10:15:54 [notice] 1#1: nginx/1.24.0
2025/04/24 10:15:54 [notice] 1#1: built by gcc 12.2.1 20220924 (Alpine 12.2.1_git20220924-r4) 
2025/04/24 10:15:54 [notice] 1#1: OS: Linux 6.11.0-24-generic
2025/04/24 10:15:54 [notice] 1#1: getrlimit(RLIMIT_NOFILE): 1048576:1048576
2025/04/24 10:15:54 [notice] 1#1: start worker processes
2025/04/24 10:15:54 [notice] 1#1: start worker process 21
2025/04/24 10:24:25 [notice] 1#1: signal 3 (SIGQUIT) received, shutting down
2025/04/24 10:24:25 [notice] 21#21: gracefully shutting down
2025/04/24 10:24:25 [notice] 21#21: exiting
2025/04/24 10:24:25 [notice] 21#21: exit
2025/04/24 10:24:25 [notice] 1#1: signal 17 (SIGCHLD) received from 21
2025/04/24 10:24:25 [notice] 1#1: worker process 21 exited with code 0
2025/04/24 10:24:25 [notice] 1#1: exit
2025/04/24 13:58:04 [emerg] 1#1: host not found in upstream "app:8080" in /etc/nginx/conf.d/default.conf:3
2025/04/24 13:58:11 [emerg] 1#1: host not found in upstream "app:8080" in /etc/nginx/conf.d/default.conf:3
2025/04/24 13:58:17 [emerg] 1#1: host not found in upstream "app:8080" in /etc/nginx/conf.d/default.conf:3
2025/04/24 13:58:25 [emerg] 1#1: host not found in upstream "app:8080" in /etc/nginx/conf.d/default.conf:3
2025/04/24 13:58:31 [emerg] 1#1: host not found in upstream "app:8080" in /etc/nginx/conf.d/default.conf:3
2025/04/24 13:58:38 [emerg] 1#1: host not found in upstream "app:8080" in /etc/nginx/conf.d/default.conf:3
2025/04/24 13:58:47 [emerg] 1#1: host not found in upstream "app:8080" in /etc/nginx/conf.d/default.conf:3
2025/04/24 13:58:59 [emerg] 1#1: host not found in upstream "app:8080" in /etc/nginx/conf.d/default.conf:3
2025/04/24 13:59:17 [emerg] 1#1: host not found in upstream "app:8080" in /etc/nginx/conf.d/default.conf:3
2025/04/24 13:59:48 [emerg] 1#1: host not found in upstream "app:8080" in /etc/nginx/conf.d/default.conf:3
2025/04/24 14:00:45 [emerg] 1#1: host not found in upstream "app:8080" in /etc/nginx/conf.d/default.conf:3
2025/04/24 14:01:51 [emerg] 1#1: host not found in upstream "app:8080" in /etc/nginx/conf.d/default.conf:3
2025/04/24 14:03:20 [emerg] 1#1: host not found in upstream "app:8080" in /etc/nginx/conf.d/default.conf:3
2025/04/24 14:04:32 [emerg] 1#1: host not found in upstream "app:8080" in /etc/nginx/conf.d/default.conf:3
2025/04/24 14:05:38 [emerg] 1#1: host not found in upstream "app:8080" in /etc/nginx/conf.d/default.conf:3
2025/04/24 14:06:46 [emerg] 1#1: host not found in upstream "app:8080" in /etc/nginx/conf.d/default.conf:3
2025/04/24 14:08:30 [emerg] 1#1: host not found in upstream "app:8080" in /etc/nginx/conf.d/default.conf:3
2025/04/24 14:12:21 [emerg] 1#1: host not found in upstream "app:8080" in /etc/nginx/conf.d/default.conf:3
2025/04/24 14:12:37 [emerg] 1#1: host not found in upstream "app:8080" in /etc/nginx/conf.d/default.conf:3
2025/04/24 14:12:47 [emerg] 1#1: host not found in upstream "app:8080" in /etc/nginx/conf.d/default.conf:3
2025/04/24 14:13:02 [emerg] 1#1: host not found in upstream "app:8080" in /etc/nginx/conf.d/default.conf:3
2025/04/24 14:13:15 [emerg] 1#1: host not found in upstream "app:8080" in /etc/nginx/conf.d/default.conf:3
2025/04/24 14:14:16 [emerg] 1#1: host not found in upstream "app:8080" in /etc/nginx/conf.d/default.conf:3
2025/04/24 14:15:55 [emerg] 1#1: host not found in upstream "app:8080" in /etc/nginx/conf.d/default.conf:3
2025/04/24 14:16:27 [emerg] 1#1: host not found in upstream "app:8080" in /etc/nginx/conf.d/default.conf:3
2025/04/24 14:16:36 [emerg] 1#1: host not found in upstream "app:8080" in /etc/nginx/conf.d/default.conf:3
2025/04/24 14:16:43 [emerg] 1#1: host not found in upstream "app:8080" in /etc/nginx/conf.d/default.conf:3
2025/04/24 14:17:00 [emerg] 1#1: host not found in upstream "app:8080" in /etc/nginx/conf.d/default.conf:3
2025/04/24 14:17:08 [emerg] 1#1: host not found in upstream "app:8080" in /etc/nginx/conf.d/default.conf:3
2025/04/24 14:17:20 [emerg] 1#1: host not found in upstream "app:8080" in /etc/nginx/conf.d/default.conf:3
2025/04/24 14:17:33 [emerg] 1#1: host not found in upstream "app:8080" in /etc/nginx/conf.d/default.conf:3
2025/04/24 14:18:05 [emerg] 1#1: host not found in upstream "app:8080" in /etc/nginx/conf.d/default.conf:3
2025/04/24 14:18:36 [emerg] 1#1: host not found in upstream "app:8080" in /etc/nginx/conf.d/default.conf:3
2025/04/24 14:19:32 [emerg] 1#1: host not found in upstream "app:8080" in /etc/nginx/conf.d/default.conf:3
2025/04/24 14:20:38 [emerg] 1#1: host not found in upstream "app:8080" in /etc/nginx/conf.d/default.conf:3
2025/04/24 14:21:43 [emerg] 1#1: host not found in upstream "app:8080" in /etc/nginx/conf.d/default.conf:3
2025/04/24 14:22:49 [emerg] 1#1: host not found in upstream "app:8080" in /etc/nginx/conf.d/default.conf:3
2025/04/24 14:23:54 [emerg] 1#1: host not found in upstream "app:8080" in /etc/nginx/conf.d/default.conf:3
2025/04/24 14:25:00 [emerg] 1#1: host not found in upstream "app:8080" in /etc/nginx/conf.d/default.conf:3
2025/04/24 14:26:05 [emerg] 1#1: host not found in upstream "app:8080" in /etc/nginx/conf.d/default.conf:3
2025/04/24 14:27:11 [emerg] 1#1: host not found in upstream "app:8080" in /etc/nginx/conf.d/default.conf:3
2025/04/24 14:28:16 [emerg] 1#1: host not found in upstream "app:8080" in /etc/nginx/conf.d/default.conf:3
2025/04/24 14:29:22 [emerg] 1#1: host not found in upstream "app:8080" in /etc/nginx/conf.d/default.conf:3
2025/04/24 14:30:29 [emerg] 1#1: host not found in upstream "app:8080" in /etc/nginx/conf.d/default.conf:3
2025/04/24 14:38:27 [notice] 1#1: using the "epoll" event method
2025/04/24 14:38:27 [notice] 1#1: nginx/1.24.0
2025/04/24 14:38:27 [notice] 1#1: built by gcc 12.2.1 20220924 (Alpine 12.2.1_git20220924-r4) 
2025/04/24 14:38:27 [notice] 1#1: OS: Linux 6.11.0-24-generic
2025/04/24 14:38:27 [notice] 1#1: getrlimit(RLIMIT_NOFILE): 1048576:1048576
2025/04/24 14:38:27 [notice] 1#1: start worker processes
2025/04/24 14:38:27 [notice] 1#1: start worker process 21
2025/04/24 14:38:57 [notice] 1#1: signal 3 (SIGQUIT) received, shutting down
2025/04/24 14:38:57 [notice] 21#21: gracefully shutting down
2025/04/24 14:38:57 [notice] 21#21: exiting
2025/04/24 14:38:57 [notice] 21#21: exit
2025/04/24 14:38:57 [notice] 1#1: signal 17 (SIGCHLD) received from 21
2025/04/24 14:38:57 [notice] 1#1: worker process 21 exited with code 0
2025/04/24 14:38:57 [notice] 1#1: exit
